<?xml version="1.0" encoding="UTF-8"?>
<testsuite name="org.kakaoshare.backend.domain.rank.service.RankServiceTest" tests="1" skipped="0" failures="0" errors="0" timestamp="2024-05-26T13:40:20" hostname="gimtaehwan-ui-MacBookAir.local" time="0.003">
  <properties/>
  <testcase name="랭킹 조회 성공 테스트" classname="org.kakaoshare.backend.domain.rank.service.RankServiceTest" time="0.003"/>
  <system-out><![CDATA[]]></system-out>
  <system-err><![CDATA[]]></system-err>
</testsuite>
