<?xml version="1.0" encoding="UTF-8"?>
<testsuite name="org.kakaoshare.backend.domain.gift.service.GiftServiceTest" tests="5" skipped="0" failures="0" errors="0" timestamp="2024-05-26T13:40:19" hostname="gimtaehwan-ui-MacBookAir.local" time="0.07">
  <properties/>
  <testcase name="선물 설명 정보 조회 - 선물이 존재할 때" classname="org.kakaoshare.backend.domain.gift.service.GiftServiceTest" time="0.05"/>
  <testcase name="선물 상세 정보 조회 - 선물이 존재할 때" classname="org.kakaoshare.backend.domain.gift.service.GiftServiceTest" time="0.006"/>
  <testcase name="선물함 조회 테스트" classname="org.kakaoshare.backend.domain.gift.service.GiftServiceTest" time="0.006"/>
  <testcase name="선물 상세 정보 조회 - 선물이 존재하지 않을 때 예외 발생" classname="org.kakaoshare.backend.domain.gift.service.GiftServiceTest" time="0.003"/>
  <testcase name="선물 설명 정보 조회 - 선물이 존재하지 않을 때 예외 발생" classname="org.kakaoshare.backend.domain.gift.service.GiftServiceTest" time="0.002"/>
  <system-out><![CDATA[]]></system-out>
  <system-err><![CDATA[]]></system-err>
</testsuite>
