<?xml version="1.0" encoding="UTF-8"?>
<testsuite name="org.kakaoshare.backend.domain.member.service.UserDetailsServiceImplTest" tests="2" skipped="0" failures="0" errors="0" timestamp="2024-05-26T13:40:19" hostname="gimtaehwan-ui-MacBookAir.local" time="0.009">
  <properties/>
  <testcase name="이메일을 통해 알맞는 UserDetails 객체 조회" classname="org.kakaoshare.backend.domain.member.service.UserDetailsServiceImplTest" time="0.003"/>
  <testcase name="유효하지 않은 이메일인 경우 예외 발생" classname="org.kakaoshare.backend.domain.member.service.UserDetailsServiceImplTest" time="0.005"/>
  <system-out><![CDATA[]]></system-out>
  <system-err><![CDATA[]]></system-err>
</testsuite>
