<?xml version="1.0" encoding="UTF-8"?>
<testsuite name="org.kakaoshare.backend.domain.product.service.ProductServiceTest" tests="3" skipped="0" failures="0" errors="0" timestamp="2024-05-26T13:40:20" hostname="gimtaehwan-ui-MacBookAir.local" time="0.011">
  <properties/>
  <testcase name="존재하지 않는 상품 ID로 조회 시 예외 발생" classname="org.kakaoshare.backend.domain.product.service.ProductServiceTest" time="0.007"/>
  <testcase name="상품 상세정보 조회 성공" classname="org.kakaoshare.backend.domain.product.service.ProductServiceTest" time="0.002"/>
  <testcase name="상품 상세설명 조회 성공" classname="org.kakaoshare.backend.domain.product.service.ProductServiceTest" time="0.001"/>
  <system-out><![CDATA[]]></system-out>
  <system-err><![CDATA[]]></system-err>
</testsuite>
