<?xml version="1.0" encoding="UTF-8"?>
<testsuite name="org.kakaoshare.backend.domain.cart.service.CartServiceTest" tests="6" skipped="0" failures="0" errors="0" timestamp="2024-05-26T13:40:17" hostname="gimtaehwan-ui-MacBookAir.local" time="1.127">
  <properties/>
  <testcase name="장바구니 아이템 삭제" classname="org.kakaoshare.backend.domain.cart.service.CartServiceTest" time="0.897"/>
  <testcase name="카트 아이템 등록 - 옵션 선택 없음" classname="org.kakaoshare.backend.domain.cart.service.CartServiceTest" time="0.016"/>
  <testcase name="옵션이 있는 장바구니 아이템 조회" classname="org.kakaoshare.backend.domain.cart.service.CartServiceTest" time="0.013"/>
  <testcase name="옵션이 없는 장바구니 아이템 조회" classname="org.kakaoshare.backend.domain.cart.service.CartServiceTest" time="0.006"/>
  <testcase name="카트 아이템 등록 - 옵션 선택 포함" classname="org.kakaoshare.backend.domain.cart.service.CartServiceTest" time="0.167"/>
  <testcase name="장바구니 아이템 수량 수정" classname="org.kakaoshare.backend.domain.cart.service.CartServiceTest" time="0.009"/>
  <system-out><![CDATA[]]></system-out>
  <system-err><![CDATA[]]></system-err>
</testsuite>
